0 info it worked if it ends with ok
1 verbose cli [ '/usr/local/Cellar/node/4.2.1/bin/node',
1 verbose cli   '/usr/local/bin/npm',
1 verbose cli   'run',
1 verbose cli   'server' ]
2 info using npm@2.14.7
3 info using node@v4.2.1
4 verbose run-script [ 'preserver', 'server', 'postserver' ]
5 info preserver make-my-idea@0.1.0
6 info server make-my-idea@0.1.0
7 verbose unsafe-perm in lifecycle true
8 info make-my-idea@0.1.0 Failed to exec server script
9 verbose stack Error: make-my-idea@0.1.0 server: `node ./dist/backend/main.js`
9 verbose stack Exit status 1
9 verbose stack     at EventEmitter.<anonymous> (/usr/local/lib/node_modules/npm/lib/utils/lifecycle.js:214:16)
9 verbose stack     at emitTwo (events.js:87:13)
9 verbose stack     at EventEmitter.emit (events.js:172:7)
9 verbose stack     at ChildProcess.<anonymous> (/usr/local/lib/node_modules/npm/lib/utils/spawn.js:24:14)
9 verbose stack     at emitTwo (events.js:87:13)
9 verbose stack     at ChildProcess.emit (events.js:172:7)
9 verbose stack     at maybeClose (internal/child_process.js:818:16)
9 verbose stack     at Process.ChildProcess._handle.onexit (internal/child_process.js:211:5)
10 verbose pkgid make-my-idea@0.1.0
11 verbose cwd /Users/Jovan/MakeMyIdea
12 error Darwin 15.0.0
13 error argv "/usr/local/Cellar/node/4.2.1/bin/node" "/usr/local/bin/npm" "run" "server"
14 error node v4.2.1
15 error npm  v2.14.7
16 error code ELIFECYCLE
17 error make-my-idea@0.1.0 server: `node ./dist/backend/main.js`
17 error Exit status 1
18 error Failed at the make-my-idea@0.1.0 server script 'node ./dist/backend/main.js'.
18 error This is most likely a problem with the make-my-idea package,
18 error not with npm itself.
18 error Tell the author that this fails on your system:
18 error     node ./dist/backend/main.js
18 error You can get their info via:
18 error     npm owner ls make-my-idea
18 error There is likely additional logging output above.
19 verbose exit [ 1, true ]
